  [1m[35m (5.5ms)[0m  [1m[34mSELECT sqlite_version(*)[0m
  [1m[35m (138.5ms)[0m  [1m[35mCREATE TABLE "schema_migrations" ("version" varchar NOT NULL PRIMARY KEY)[0m
  [1m[35m (145.1ms)[0m  [1m[35mCREATE TABLE "ar_internal_metadata" ("key" varchar NOT NULL PRIMARY KEY, "value" varchar, "created_at" datetime(6) NOT NULL, "updated_at" datetime(6) NOT NULL)[0m
  [1m[36mActiveRecord::InternalMetadata Load (3.4ms)[0m  [1m[34mSELECT "ar_internal_metadata".* FROM "ar_internal_metadata" WHERE "ar_internal_metadata"."key" = ? LIMIT ?[0m  [["key", "environment"], ["LIMIT", 1]]
  [1m[35m (0.2ms)[0m  [1m[36mbegin transaction[0m
  [1m[36mActiveRecord::InternalMetadata Create (0.5ms)[0m  [1m[32mINSERT INTO "ar_internal_metadata" ("key", "value", "created_at", "updated_at") VALUES (?, ?, ?, ?)[0m  [["key", "environment"], ["value", "development"], ["created_at", "2021-02-12 17:09:16.947325"], ["updated_at", "2021-02-12 17:09:16.947325"]]
  [1m[35m (172.7ms)[0m  [1m[36mcommit transaction[0m
  [1m[35m (0.2ms)[0m  [1m[34mSELECT sqlite_version(*)[0m
  [1m[35m (0.4ms)[0m  [1m[34mSELECT "schema_migrations"."version" FROM "schema_migrations" ORDER BY "schema_migrations"."version" ASC[0m
  [1m[35m (3.2ms)[0m  [1m[34mSELECT sqlite_version(*)[0m
  [1m[35m (11.4ms)[0m  [1m[34mSELECT "schema_migrations"."version" FROM "schema_migrations" ORDER BY "schema_migrations"."version" ASC[0m
Migrating to DeviseCreateUsers (20210212172153)
  [1m[35m (0.1ms)[0m  [1m[36mbegin transaction[0m
  [1m[35m (6.8ms)[0m  [1m[35mCREATE TABLE "users" ("id" integer PRIMARY KEY AUTOINCREMENT NOT NULL, "email" varchar DEFAULT '' NOT NULL, "encrypted_password" varchar DEFAULT '' NOT NULL, "reset_password_token" varchar, "reset_password_sent_at" datetime, "remember_created_at" datetime, "created_at" datetime(6) NOT NULL, "updated_at" datetime(6) NOT NULL)[0m
  [1m[35m (0.4ms)[0m  [1m[35mCREATE UNIQUE INDEX "index_users_on_email" ON "users" ("email")[0m
  [1m[35m (0.3ms)[0m  [1m[35mCREATE UNIQUE INDEX "index_users_on_reset_password_token" ON "users" ("reset_password_token")[0m
  [1m[36mprimary::SchemaMigration Create (4.9ms)[0m  [1m[32mINSERT INTO "schema_migrations" ("version") VALUES (?)[0m  [["version", "20210212172153"]]
  [1m[35m (16.6ms)[0m  [1m[36mcommit transaction[0m
  [1m[36mActiveRecord::InternalMetadata Load (0.3ms)[0m  [1m[34mSELECT "ar_internal_metadata".* FROM "ar_internal_metadata" WHERE "ar_internal_metadata"."key" = ? LIMIT ?[0m  [["key", "environment"], ["LIMIT", 1]]
  [1m[35m (0.2ms)[0m  [1m[34mSELECT sqlite_version(*)[0m
  [1m[35m (0.2ms)[0m  [1m[34mSELECT "schema_migrations"."version" FROM "schema_migrations" ORDER BY "schema_migrations"."version" ASC[0m
Started GET "/" for 127.0.0.1 at 2021-02-15 10:22:30 +0100
  [1m[35m (2.9ms)[0m  [1m[34mSELECT sqlite_version(*)[0m
  [1m[35m (0.3ms)[0m  [1m[34mSELECT "schema_migrations"."version" FROM "schema_migrations" ORDER BY "schema_migrations"."version" ASC[0m
  
ActionController::RoutingError (uninitialized constant PostsController
Did you mean?  PostController):
  
actionpack (6.0.3.5) lib/action_dispatch/http/request.rb:92:in `rescue in controller_class_for'
actionpack (6.0.3.5) lib/action_dispatch/http/request.rb:88:in `controller_class_for'
actionpack (6.0.3.5) lib/action_dispatch/http/request.rb:81:in `controller_class'
actionpack (6.0.3.5) lib/action_dispatch/routing/route_set.rb:44:in `controller'
actionpack (6.0.3.5) lib/action_dispatch/routing/route_set.rb:31:in `serve'
actionpack (6.0.3.5) lib/action_dispatch/journey/router.rb:49:in `block in serve'
actionpack (6.0.3.5) lib/action_dispatch/journey/router.rb:32:in `each'
actionpack (6.0.3.5) lib/action_dispatch/journey/router.rb:32:in `serve'
actionpack (6.0.3.5) lib/action_dispatch/routing/route_set.rb:834:in `call'
warden (1.2.9) lib/warden/manager.rb:36:in `block in call'
warden (1.2.9) lib/warden/manager.rb:34:in `catch'
warden (1.2.9) lib/warden/manager.rb:34:in `call'
rack (2.2.3) lib/rack/tempfile_reaper.rb:15:in `call'
rack (2.2.3) lib/rack/etag.rb:27:in `call'
rack (2.2.3) lib/rack/conditional_get.rb:27:in `call'
rack (2.2.3) lib/rack/head.rb:12:in `call'
actionpack (6.0.3.5) lib/action_dispatch/http/content_security_policy.rb:18:in `call'
rack (2.2.3) lib/rack/session/abstract/id.rb:266:in `context'
rack (2.2.3) lib/rack/session/abstract/id.rb:260:in `call'
actionpack (6.0.3.5) lib/action_dispatch/middleware/cookies.rb:648:in `call'
activerecord (6.0.3.5) lib/active_record/migration.rb:567:in `call'
actionpack (6.0.3.5) lib/action_dispatch/middleware/callbacks.rb:27:in `block in call'
activesupport (6.0.3.5) lib/active_support/callbacks.rb:101:in `run_callbacks'
actionpack (6.0.3.5) lib/action_dispatch/middleware/callbacks.rb:26:in `call'
actionpack (6.0.3.5) lib/action_dispatch/middleware/executor.rb:14:in `call'
actionpack (6.0.3.5) lib/action_dispatch/middleware/actionable_exceptions.rb:18:in `call'
actionpack (6.0.3.5) lib/action_dispatch/middleware/debug_exceptions.rb:32:in `call'
web-console (4.1.0) lib/web_console/middleware.rb:132:in `call_app'
web-console (4.1.0) lib/web_console/middleware.rb:28:in `block in call'
web-console (4.1.0) lib/web_console/middleware.rb:17:in `catch'
web-console (4.1.0) lib/web_console/middleware.rb:17:in `call'
actionpack (6.0.3.5) lib/action_dispatch/middleware/show_exceptions.rb:33:in `call'
railties (6.0.3.5) lib/rails/rack/logger.rb:37:in `call_app'
railties (6.0.3.5) lib/rails/rack/logger.rb:26:in `block in call'
activesupport (6.0.3.5) lib/active_support/tagged_logging.rb:80:in `block in tagged'
activesupport (6.0.3.5) lib/active_support/tagged_logging.rb:28:in `tagged'
activesupport (6.0.3.5) lib/active_support/tagged_logging.rb:80:in `tagged'
railties (6.0.3.5) lib/rails/rack/logger.rb:26:in `call'
sprockets-rails (3.2.2) lib/sprockets/rails/quiet_assets.rb:13:in `call'
actionpack (6.0.3.5) lib/action_dispatch/middleware/remote_ip.rb:81:in `call'
actionpack (6.0.3.5) lib/action_dispatch/middleware/request_id.rb:27:in `call'
rack (2.2.3) lib/rack/method_override.rb:24:in `call'
rack (2.2.3) lib/rack/runtime.rb:22:in `call'
activesupport (6.0.3.5) lib/active_support/cache/strategy/local_cache_middleware.rb:29:in `call'
actionpack (6.0.3.5) lib/action_dispatch/middleware/executor.rb:14:in `call'
actionpack (6.0.3.5) lib/action_dispatch/middleware/static.rb:126:in `call'
rack (2.2.3) lib/rack/sendfile.rb:110:in `call'
actionpack (6.0.3.5) lib/action_dispatch/middleware/host_authorization.rb:82:in `call'
webpacker (4.3.0) lib/webpacker/dev_server_proxy.rb:23:in `perform_request'
rack-proxy (0.6.5) lib/rack/proxy.rb:57:in `call'
railties (6.0.3.5) lib/rails/engine.rb:527:in `call'
puma (4.3.7) lib/puma/configuration.rb:228:in `call'
puma (4.3.7) lib/puma/server.rb:713:in `handle_request'
puma (4.3.7) lib/puma/server.rb:472:in `process_client'
puma (4.3.7) lib/puma/server.rb:328:in `block in run'
puma (4.3.7) lib/puma/thread_pool.rb:134:in `block in spawn_thread'
Started GET "/" for 127.0.0.1 at 2021-02-15 10:23:40 +0100
  [1m[35m (8.8ms)[0m  [1m[34mSELECT sqlite_version(*)[0m
  
ActionController::RoutingError (uninitialized constant PostsController
Did you mean?  PostController):
  
actionpack (6.0.3.5) lib/action_dispatch/http/request.rb:92:in `rescue in controller_class_for'
actionpack (6.0.3.5) lib/action_dispatch/http/request.rb:88:in `controller_class_for'
actionpack (6.0.3.5) lib/action_dispatch/http/request.rb:81:in `controller_class'
actionpack (6.0.3.5) lib/action_dispatch/routing/route_set.rb:44:in `controller'
actionpack (6.0.3.5) lib/action_dispatch/routing/route_set.rb:31:in `serve'
actionpack (6.0.3.5) lib/action_dispatch/journey/router.rb:49:in `block in serve'
actionpack (6.0.3.5) lib/action_dispatch/journey/router.rb:32:in `each'
actionpack (6.0.3.5) lib/action_dispatch/journey/router.rb:32:in `serve'
actionpack (6.0.3.5) lib/action_dispatch/routing/route_set.rb:834:in `call'
warden (1.2.9) lib/warden/manager.rb:36:in `block in call'
warden (1.2.9) lib/warden/manager.rb:34:in `catch'
warden (1.2.9) lib/warden/manager.rb:34:in `call'
rack (2.2.3) lib/rack/tempfile_reaper.rb:15:in `call'
rack (2.2.3) lib/rack/etag.rb:27:in `call'
rack (2.2.3) lib/rack/conditional_get.rb:27:in `call'
rack (2.2.3) lib/rack/head.rb:12:in `call'
actionpack (6.0.3.5) lib/action_dispatch/http/content_security_policy.rb:18:in `call'
rack (2.2.3) lib/rack/session/abstract/id.rb:266:in `context'
rack (2.2.3) lib/rack/session/abstract/id.rb:260:in `call'
actionpack (6.0.3.5) lib/action_dispatch/middleware/cookies.rb:648:in `call'
activerecord (6.0.3.5) lib/active_record/migration.rb:567:in `call'
actionpack (6.0.3.5) lib/action_dispatch/middleware/callbacks.rb:27:in `block in call'
activesupport (6.0.3.5) lib/active_support/callbacks.rb:101:in `run_callbacks'
actionpack (6.0.3.5) lib/action_dispatch/middleware/callbacks.rb:26:in `call'
actionpack (6.0.3.5) lib/action_dispatch/middleware/executor.rb:14:in `call'
actionpack (6.0.3.5) lib/action_dispatch/middleware/actionable_exceptions.rb:18:in `call'
actionpack (6.0.3.5) lib/action_dispatch/middleware/debug_exceptions.rb:32:in `call'
web-console (4.1.0) lib/web_console/middleware.rb:132:in `call_app'
web-console (4.1.0) lib/web_console/middleware.rb:28:in `block in call'
web-console (4.1.0) lib/web_console/middleware.rb:17:in `catch'
web-console (4.1.0) lib/web_console/middleware.rb:17:in `call'
actionpack (6.0.3.5) lib/action_dispatch/middleware/show_exceptions.rb:33:in `call'
railties (6.0.3.5) lib/rails/rack/logger.rb:37:in `call_app'
railties (6.0.3.5) lib/rails/rack/logger.rb:26:in `block in call'
activesupport (6.0.3.5) lib/active_support/tagged_logging.rb:80:in `block in tagged'
activesupport (6.0.3.5) lib/active_support/tagged_logging.rb:28:in `tagged'
activesupport (6.0.3.5) lib/active_support/tagged_logging.rb:80:in `tagged'
railties (6.0.3.5) lib/rails/rack/logger.rb:26:in `call'
sprockets-rails (3.2.2) lib/sprockets/rails/quiet_assets.rb:13:in `call'
actionpack (6.0.3.5) lib/action_dispatch/middleware/remote_ip.rb:81:in `call'
actionpack (6.0.3.5) lib/action_dispatch/middleware/request_id.rb:27:in `call'
rack (2.2.3) lib/rack/method_override.rb:24:in `call'
rack (2.2.3) lib/rack/runtime.rb:22:in `call'
activesupport (6.0.3.5) lib/active_support/cache/strategy/local_cache_middleware.rb:29:in `call'
actionpack (6.0.3.5) lib/action_dispatch/middleware/executor.rb:14:in `call'
actionpack (6.0.3.5) lib/action_dispatch/middleware/static.rb:126:in `call'
rack (2.2.3) lib/rack/sendfile.rb:110:in `call'
actionpack (6.0.3.5) lib/action_dispatch/middleware/host_authorization.rb:82:in `call'
webpacker (4.3.0) lib/webpacker/dev_server_proxy.rb:23:in `perform_request'
rack-proxy (0.6.5) lib/rack/proxy.rb:57:in `call'
railties (6.0.3.5) lib/rails/engine.rb:527:in `call'
puma (4.3.7) lib/puma/configuration.rb:228:in `call'
puma (4.3.7) lib/puma/server.rb:713:in `handle_request'
puma (4.3.7) lib/puma/server.rb:472:in `process_client'
puma (4.3.7) lib/puma/server.rb:328:in `block in run'
puma (4.3.7) lib/puma/thread_pool.rb:134:in `block in spawn_thread'
Started GET "/" for 127.0.0.1 at 2021-02-15 10:35:00 +0100
  [1m[35m (0.2ms)[0m  [1m[34mSELECT sqlite_version(*)[0m
Processing by PostController#index as HTML
  Rendering post/index.html.erb within layouts/application
  [1m[36mPost Load (1.8ms)[0m  [1m[34mSELECT "posts".* FROM "posts" ORDER BY created_at DESC[0m
  ↳ app/views/post/index.html.erb:3
  Rendered post/index.html.erb within layouts/application (Duration: 80.3ms | Allocations: 2301)
Completed 500 Internal Server Error in 253ms (ActiveRecord: 1.8ms | Allocations: 4605)


  
ActionView::Template::Error (SQLite3::SQLException: no such table: posts):
    1: <h1 class="m-5 text-center w-100 text-light">All posts</h1>
    2: <div class="col-md-6">
    3:     <% @posts.each do |post| %>
    4:         <div class="card bg-light border-rounded border-info my-4">
    5:             <div class="card-title m-2 text-center">
    6:                 <p class="card-title font-weight-bold"><%= post.title %></p>
  
app/views/post/index.html.erb:3
Started GET "/" for 127.0.0.1 at 2021-02-15 10:41:26 +0100
  [1m[35m (0.2ms)[0m  [1m[34mSELECT sqlite_version(*)[0m
Processing by PostController#index as HTML
  Rendering post/index.html.erb within layouts/application
  Rendered post/index.html.erb within layouts/application (Duration: 12.4ms | Allocations: 1647)
Completed 500 Internal Server Error in 29ms (ActiveRecord: 0.0ms | Allocations: 2834)


  
ActionView::Template::Error (undefined method `each' for nil:NilClass):
    1: <h1 class="m-5 text-center w-100 text-light">All posts</h1>
    2: <div class="col-md-6">
    3:     <% @post.each do |post| %>
    4:         <div class="card bg-light border-rounded border-info my-4">
    5:             <div class="card-title m-2 text-center">
    6:                 <p class="card-title font-weight-bold"><%= post.title %></p>
  
app/views/post/index.html.erb:3
Started GET "/" for 127.0.0.1 at 2021-02-15 10:43:04 +0100
  [1m[35m (0.1ms)[0m  [1m[34mSELECT sqlite_version(*)[0m
Processing by PostController#index as HTML
  Rendering post/index.html.erb within layouts/application
  [1m[36mPost Load (4.1ms)[0m  [1m[34mSELECT "posts".* FROM "posts" ORDER BY created_at DESC[0m
  ↳ app/views/post/index.html.erb:3
  Rendered post/index.html.erb within layouts/application (Duration: 14.8ms | Allocations: 2022)
Completed 500 Internal Server Error in 28ms (ActiveRecord: 4.1ms | Allocations: 2950)


  
ActionView::Template::Error (SQLite3::SQLException: no such table: posts):
    1: <h1 class="m-5 text-center w-100 text-light">All posts</h1>
    2: <div class="col-md-6">
    3:     <% @post.each do |post| %>
    4:         <div class="card bg-light border-rounded border-info my-4">
    5:             <div class="card-title m-2 text-center">
    6:                 <p class="card-title font-weight-bold"><%= post.title %></p>
  
app/views/post/index.html.erb:3
Started GET "/" for 127.0.0.1 at 2021-02-15 11:02:23 +0100
  [1m[35m (0.2ms)[0m  [1m[34mSELECT sqlite_version(*)[0m
Processing by PostController#index as HTML
  Rendering post/index.html.erb within layouts/application
  Rendered post/index.html.erb within layouts/application (Duration: 70.3ms | Allocations: 1644)
Completed 500 Internal Server Error in 151ms (ActiveRecord: 0.0ms | Allocations: 2825)


  
ActionView::Template::Error (undefined method `each' for nil:NilClass):
    1: <h1 class="m-5 text-center w-100 text-light">All posts</h1>
    2: <div class="col-md-6">
    3:     <% @posts.each do |post| %>
    4:         <div class="card bg-light border-rounded border-info my-4">
    5:             <div class="card-title m-2 text-center">
    6:                 <p class="card-title font-weight-bold"><%= post.title %></p>
  
app/views/post/index.html.erb:3
Started GET "/" for 127.0.0.1 at 2021-02-15 11:02:55 +0100
Processing by PostController#index as HTML
  Rendering post/index.html.erb within layouts/application
  [1m[36mPost Load (5.2ms)[0m  [1m[34mSELECT "posts".* FROM "posts" ORDER BY created_at DESC[0m
  ↳ app/views/post/index.html.erb:3
  Rendered post/index.html.erb within layouts/application (Duration: 17.1ms | Allocations: 2306)
Completed 500 Internal Server Error in 32ms (ActiveRecord: 5.2ms | Allocations: 3490)


  
ActionView::Template::Error (SQLite3::SQLException: no such table: posts):
    1: <h1 class="m-5 text-center w-100 text-light">All posts</h1>
    2: <div class="col-md-6">
    3:     <% @post.each do |post| %>
    4:         <div class="card bg-light border-rounded border-info my-4">
    5:             <div class="card-title m-2 text-center">
    6:                 <p class="card-title font-weight-bold"><%= post.title %></p>
  
app/views/post/index.html.erb:3
Started GET "/" for 127.0.0.1 at 2021-02-15 11:13:36 +0100
  [1m[35m (0.2ms)[0m  [1m[34mSELECT sqlite_version(*)[0m
Processing by PostController#index as HTML
  Rendering post/index.html.erb within layouts/application
  Rendered post/index.html.erb within layouts/application (Duration: 9.9ms | Allocations: 1362)
Completed 500 Internal Server Error in 27ms (ActiveRecord: 0.0ms | Allocations: 2293)


  
ActionView::Template::Error (undefined method `each' for nil:NilClass):
    1: <h1 class="m-5 text-center w-100 text-light">All posts</h1>
    2: <div class="col-md-6">
    3:     <% @post.each do |post| %>
    4:         <div class="card bg-light border-rounded border-info my-4">
    5:             <div class="card-title m-2 text-center">
    6:                 <p class="card-title font-weight-bold"><%= post.title %></p>
  
app/views/post/index.html.erb:3
Started GET "/" for 127.0.0.1 at 2021-02-15 11:14:24 +0100
Processing by PostController#index as HTML
  Rendering post/index.html.erb within layouts/application
  [1m[36mPost Load (4.0ms)[0m  [1m[34mSELECT "posts".* FROM "posts" ORDER BY created_at DESC[0m
  ↳ app/views/post/index.html.erb:3
  Rendered post/index.html.erb within layouts/application (Duration: 16.1ms | Allocations: 2305)
Completed 500 Internal Server Error in 34ms (ActiveRecord: 4.0ms | Allocations: 3594)


  
ActionView::Template::Error (SQLite3::SQLException: no such table: posts):
    1: <h1 class="m-5 text-center w-100 text-light">All posts</h1>
    2: <div class="col-md-6">
    3:     <% @posts.each do |post| %>
    4:         <div class="card bg-light border-rounded border-info my-4">
    5:             <div class="card-title m-2 text-center">
    6:                 <p class="card-title font-weight-bold"><%= post.title %></p>
  
app/views/post/index.html.erb:3
Started GET "/" for 127.0.0.1 at 2021-02-15 11:14:41 +0100
Processing by PostController#index as HTML
  Rendering post/index.html.erb within layouts/application
  Rendered post/index.html.erb within layouts/application (Duration: 9.7ms | Allocations: 1646)
Completed 500 Internal Server Error in 26ms (ActiveRecord: 0.0ms | Allocations: 2837)


  
ActionView::Template::Error (undefined method `each' for nil:NilClass):
    1: <h1 class="m-5 text-center w-100 text-light">All posts</h1>
    2: <div class="col-md-6">
    3:     <% @post.each do |post| %>
    4:         <div class="card bg-light border-rounded border-info my-4">
    5:             <div class="card-title m-2 text-center">
    6:                 <p class="card-title font-weight-bold"><%= post.title %></p>
  
app/views/post/index.html.erb:3
Started GET "/" for 127.0.0.1 at 2021-02-15 11:17:31 +0100
Processing by PostController#index as HTML
  Rendering post/index.html.erb within layouts/application
  Rendered post/index.html.erb within layouts/application (Duration: 6.9ms | Allocations: 1391)
Completed 500 Internal Server Error in 21ms (ActiveRecord: 0.0ms | Allocations: 1744)


  
ActionView::Template::Error (undefined method `each' for nil:NilClass):
    1: <h1 class="m-5 text-center w-100 text-light">All posts</h1>
    2: <div class="col-md-6">
    3:     <% @post.each do |post| %>
    4:         <div class="card bg-light border-rounded border-info my-4">
    5:             <div class="card-title m-2 text-center">
    6:                 <p class="card-title font-weight-bold"><%= post.title %></p>
  
app/views/post/index.html.erb:3
Started GET "/" for 127.0.0.1 at 2021-02-15 11:18:16 +0100
  [1m[35m (0.5ms)[0m  [1m[34mSELECT sqlite_version(*)[0m
Processing by PostController#index as HTML
  Rendering post/index.html.erb within layouts/application
  [1m[36mPost Load (3.9ms)[0m  [1m[34mSELECT "posts".* FROM "posts" ORDER BY created_at DESC[0m
  ↳ app/views/post/index.html.erb:3
  Rendered post/index.html.erb within layouts/application (Duration: 11.7ms | Allocations: 2023)
Completed 500 Internal Server Error in 33ms (ActiveRecord: 3.9ms | Allocations: 2951)


  
ActionView::Template::Error (SQLite3::SQLException: no such table: posts):
    1: <h1 class="m-5 text-center w-100 text-light">All posts</h1>
    2: <div class="col-md-6">
    3:     <% @post.each do |post| %>
    4:         <div class="card bg-light border-rounded border-info my-4">
    5:             <div class="card-title m-2 text-center">
    6:                 <p class="card-title font-weight-bold"><%= post.title %></p>
  
app/views/post/index.html.erb:3
  [1m[35m (1.3ms)[0m  [1m[34mSELECT sqlite_version(*)[0m
  [1m[35m (0.3ms)[0m  [1m[34mSELECT "schema_migrations"."version" FROM "schema_migrations" ORDER BY "schema_migrations"."version" ASC[0m
  [1m[36mActiveRecord::InternalMetadata Load (1.6ms)[0m  [1m[34mSELECT "ar_internal_metadata".* FROM "ar_internal_metadata" WHERE "ar_internal_metadata"."key" = ? LIMIT ?[0m  [["key", "environment"], ["LIMIT", 1]]
  [1m[35m (0.1ms)[0m  [1m[34mSELECT sqlite_version(*)[0m
  [1m[35m (0.2ms)[0m  [1m[34mSELECT "schema_migrations"."version" FROM "schema_migrations" ORDER BY "schema_migrations"."version" ASC[0m
Started GET "/" for 127.0.0.1 at 2021-02-15 11:36:56 +0100
  [1m[35m (1.2ms)[0m  [1m[34mSELECT sqlite_version(*)[0m
  [1m[35m (3.9ms)[0m  [1m[34mSELECT "schema_migrations"."version" FROM "schema_migrations" ORDER BY "schema_migrations"."version" ASC[0m
Processing by PostController#index as HTML
  Rendering post/index.html.erb within layouts/application
  [1m[36mPost Load (1.9ms)[0m  [1m[34mSELECT "posts".* FROM "posts" ORDER BY created_at DESC[0m
  ↳ app/views/post/index.html.erb:3
  Rendered post/index.html.erb within layouts/application (Duration: 23.6ms | Allocations: 2733)
Completed 500 Internal Server Error in 137ms (ActiveRecord: 1.9ms | Allocations: 5285)


  
ActionView::Template::Error (SQLite3::SQLException: no such table: posts):
    1: <h1 class="m-5 text-center w-100 text-light">All posts</h1>
    2: <div class="col-md-6">
    3:     <% @post.each do |post| %>
    4:         <div class="card bg-light border-rounded border-info my-4">
    5:             <div class="card-title m-2 text-center">
    6:                 <p class="card-title font-weight-bold"><%= post.title %></p>
  
app/views/post/index.html.erb:3
  [1m[35m (1.3ms)[0m  [1m[34mSELECT sqlite_version(*)[0m
  [1m[35m (0.3ms)[0m  [1m[34mSELECT "schema_migrations"."version" FROM "schema_migrations" ORDER BY "schema_migrations"."version" ASC[0m
  [1m[35m (0.9ms)[0m  [1m[34mSELECT "ar_internal_metadata"."value" FROM "ar_internal_metadata" WHERE "ar_internal_metadata"."key" = ?[0m  [["key", "environment"]]
  [1m[35m (0.1ms)[0m  [1m[34mSELECT "schema_migrations"."version" FROM "schema_migrations" ORDER BY "schema_migrations"."version" ASC[0m
  [1m[35m (0.1ms)[0m  [1m[34mSELECT "ar_internal_metadata"."value" FROM "ar_internal_metadata" WHERE "ar_internal_metadata"."key" = ?[0m  [["key", "environment"]]
  [1m[35m (0.1ms)[0m  [1m[34mSELECT "schema_migrations"."version" FROM "schema_migrations" ORDER BY "schema_migrations"."version" ASC[0m
  [1m[35m (0.2ms)[0m  [1m[34mSELECT "ar_internal_metadata"."value" FROM "ar_internal_metadata" WHERE "ar_internal_metadata"."key" = ?[0m  [["key", "environment"]]
  [1m[35m (0.2ms)[0m  [1m[34mSELECT sqlite_version(*)[0m
  [1m[35m (0.1ms)[0m  [1m[34mSELECT sqlite_version(*)[0m
  [1m[35m (0.2ms)[0m  [1m[34mSELECT sqlite_version(*)[0m
  [1m[35m (0.2ms)[0m  [1m[35mDROP TABLE IF EXISTS "users"[0m
  [1m[35m (41.9ms)[0m  [1m[35mCREATE TABLE "users" ("id" integer PRIMARY KEY AUTOINCREMENT NOT NULL, "email" varchar DEFAULT '' NOT NULL, "encrypted_password" varchar DEFAULT '' NOT NULL, "reset_password_token" varchar, "reset_password_sent_at" datetime, "remember_created_at" datetime, "created_at" datetime(6) NOT NULL, "updated_at" datetime(6) NOT NULL)[0m
  [1m[35m (53.2ms)[0m  [1m[35mCREATE UNIQUE INDEX "index_users_on_email" ON "users" ("email")[0m
  [1m[35m (9.3ms)[0m  [1m[35mCREATE UNIQUE INDEX "index_users_on_reset_password_token" ON "users" ("reset_password_token")[0m
  [1m[35m (49.1ms)[0m  [1m[35mCREATE TABLE "schema_migrations" ("version" varchar NOT NULL PRIMARY KEY)[0m
  [1m[35m (0.1ms)[0m  [1m[34mSELECT "schema_migrations"."version" FROM "schema_migrations" ORDER BY "schema_migrations"."version" ASC[0m
  [1m[35m (50.6ms)[0m  [1m[32mINSERT INTO "schema_migrations" (version) VALUES (20210212172153)[0m
  [1m[35m (45.5ms)[0m  [1m[35mCREATE TABLE "ar_internal_metadata" ("key" varchar NOT NULL PRIMARY KEY, "value" varchar, "created_at" datetime(6) NOT NULL, "updated_at" datetime(6) NOT NULL)[0m
  [1m[36mActiveRecord::InternalMetadata Load (2.4ms)[0m  [1m[34mSELECT "ar_internal_metadata".* FROM "ar_internal_metadata" WHERE "ar_internal_metadata"."key" = ? LIMIT ?[0m  [["key", "environment"], ["LIMIT", 1]]
  [1m[35m (0.2ms)[0m  [1m[36mbegin transaction[0m
  [1m[36mActiveRecord::InternalMetadata Create (1.5ms)[0m  [1m[32mINSERT INTO "ar_internal_metadata" ("key", "value", "created_at", "updated_at") VALUES (?, ?, ?, ?)[0m  [["key", "environment"], ["value", "development"], ["created_at", "2021-02-15 11:03:20.955971"], ["updated_at", "2021-02-15 11:03:20.955971"]]
  [1m[35m (115.6ms)[0m  [1m[36mcommit transaction[0m
  [1m[36mActiveRecord::InternalMetadata Load (0.1ms)[0m  [1m[34mSELECT "ar_internal_metadata".* FROM "ar_internal_metadata" WHERE "ar_internal_metadata"."key" = ? LIMIT ?[0m  [["key", "environment"], ["LIMIT", 1]]
  [1m[36mActiveRecord::InternalMetadata Load (0.1ms)[0m  [1m[34mSELECT "ar_internal_metadata".* FROM "ar_internal_metadata" WHERE "ar_internal_metadata"."key" = ? LIMIT ?[0m  [["key", "schema_sha1"], ["LIMIT", 1]]
  [1m[35m (0.1ms)[0m  [1m[36mbegin transaction[0m
  [1m[36mActiveRecord::InternalMetadata Create (0.4ms)[0m  [1m[32mINSERT INTO "ar_internal_metadata" ("key", "value", "created_at", "updated_at") VALUES (?, ?, ?, ?)[0m  [["key", "schema_sha1"], ["value", "76fc0e3f54ad106232a6176f7868d71964c096ce"], ["created_at", "2021-02-15 11:03:21.231989"], ["updated_at", "2021-02-15 11:03:21.231989"]]
  [1m[35m (103.1ms)[0m  [1m[36mcommit transaction[0m
  [1m[35m (0.2ms)[0m  [1m[34mSELECT sqlite_version(*)[0m
  [1m[35m (0.2ms)[0m  [1m[35mDROP TABLE IF EXISTS "users"[0m
  [1m[35m (12.3ms)[0m  [1m[35mCREATE TABLE "users" ("id" integer PRIMARY KEY AUTOINCREMENT NOT NULL, "email" varchar DEFAULT '' NOT NULL, "encrypted_password" varchar DEFAULT '' NOT NULL, "reset_password_token" varchar, "reset_password_sent_at" datetime, "remember_created_at" datetime, "created_at" datetime(6) NOT NULL, "updated_at" datetime(6) NOT NULL)[0m
  [1m[35m (20.6ms)[0m  [1m[35mCREATE UNIQUE INDEX "index_users_on_email" ON "users" ("email")[0m
  [1m[35m (18.3ms)[0m  [1m[35mCREATE UNIQUE INDEX "index_users_on_reset_password_token" ON "users" ("reset_password_token")[0m
  [1m[35m (18.4ms)[0m  [1m[35mCREATE TABLE "schema_migrations" ("version" varchar NOT NULL PRIMARY KEY)[0m
  [1m[35m (0.2ms)[0m  [1m[34mSELECT "schema_migrations"."version" FROM "schema_migrations" ORDER BY "schema_migrations"."version" ASC[0m
  [1m[35m (32.7ms)[0m  [1m[32mINSERT INTO "schema_migrations" (version) VALUES (20210212172153)[0m
  [1m[35m (23.5ms)[0m  [1m[35mCREATE TABLE "ar_internal_metadata" ("key" varchar NOT NULL PRIMARY KEY, "value" varchar, "created_at" datetime(6) NOT NULL, "updated_at" datetime(6) NOT NULL)[0m
  [1m[36mActiveRecord::InternalMetadata Load (0.3ms)[0m  [1m[34mSELECT "ar_internal_metadata".* FROM "ar_internal_metadata" WHERE "ar_internal_metadata"."key" = ? LIMIT ?[0m  [["key", "environment"], ["LIMIT", 1]]
  [1m[35m (0.1ms)[0m  [1m[36mbegin transaction[0m
  [1m[36mActiveRecord::InternalMetadata Create (0.4ms)[0m  [1m[32mINSERT INTO "ar_internal_metadata" ("key", "value", "created_at", "updated_at") VALUES (?, ?, ?, ?)[0m  [["key", "environment"], ["value", "development"], ["created_at", "2021-02-15 11:03:21.726967"], ["updated_at", "2021-02-15 11:03:21.726967"]]
  [1m[35m (24.8ms)[0m  [1m[36mcommit transaction[0m
  [1m[36mActiveRecord::InternalMetadata Load (0.1ms)[0m  [1m[34mSELECT "ar_internal_metadata".* FROM "ar_internal_metadata" WHERE "ar_internal_metadata"."key" = ? LIMIT ?[0m  [["key", "environment"], ["LIMIT", 1]]
  [1m[35m (0.1ms)[0m  [1m[36mbegin transaction[0m
  [1m[36mActiveRecord::InternalMetadata Update (3.7ms)[0m  [1m[33mUPDATE "ar_internal_metadata" SET "value" = ?, "updated_at" = ? WHERE "ar_internal_metadata"."key" = ?[0m  [["value", "test"], ["updated_at", "2021-02-15 11:03:21.787747"], ["key", "environment"]]
  [1m[35m (26.8ms)[0m  [1m[36mcommit transaction[0m
  [1m[36mActiveRecord::InternalMetadata Load (0.2ms)[0m  [1m[34mSELECT "ar_internal_metadata".* FROM "ar_internal_metadata" WHERE "ar_internal_metadata"."key" = ? LIMIT ?[0m  [["key", "schema_sha1"], ["LIMIT", 1]]
  [1m[35m (0.1ms)[0m  [1m[36mbegin transaction[0m
  [1m[36mActiveRecord::InternalMetadata Create (0.4ms)[0m  [1m[32mINSERT INTO "ar_internal_metadata" ("key", "value", "created_at", "updated_at") VALUES (?, ?, ?, ?)[0m  [["key", "schema_sha1"], ["value", "76fc0e3f54ad106232a6176f7868d71964c096ce"], ["created_at", "2021-02-15 11:03:21.849708"], ["updated_at", "2021-02-15 11:03:21.849708"]]
  [1m[35m (8.8ms)[0m  [1m[36mcommit transaction[0m
  [1m[35m (0.2ms)[0m  [1m[34mSELECT sqlite_version(*)[0m
  [1m[35m (0.3ms)[0m  [1m[34mSELECT "schema_migrations"."version" FROM "schema_migrations" ORDER BY "schema_migrations"."version" ASC[0m
  [1m[35m (0.8ms)[0m  [1m[34mSELECT sqlite_version(*)[0m
  [1m[35m (0.3ms)[0m  [1m[34mSELECT "schema_migrations"."version" FROM "schema_migrations" ORDER BY "schema_migrations"."version" ASC[0m
  [1m[36mActiveRecord::InternalMetadata Load (0.4ms)[0m  [1m[34mSELECT "ar_internal_metadata".* FROM "ar_internal_metadata" WHERE "ar_internal_metadata"."key" = ? LIMIT ?[0m  [["key", "environment"], ["LIMIT", 1]]
  [1m[35m (0.1ms)[0m  [1m[34mSELECT sqlite_version(*)[0m
  [1m[35m (0.2ms)[0m  [1m[34mSELECT "schema_migrations"."version" FROM "schema_migrations" ORDER BY "schema_migrations"."version" ASC[0m
Started GET "/" for 127.0.0.1 at 2021-02-15 12:05:04 +0100
  [1m[35m (4.6ms)[0m  [1m[34mSELECT sqlite_version(*)[0m
  [1m[35m (0.4ms)[0m  [1m[34mSELECT "schema_migrations"."version" FROM "schema_migrations" ORDER BY "schema_migrations"."version" ASC[0m
Processing by PostController#index as HTML
  Rendering post/index.html.erb within layouts/application
  [1m[36mPost Load (1.8ms)[0m  [1m[34mSELECT "posts".* FROM "posts" ORDER BY created_at DESC[0m
  ↳ app/views/post/index.html.erb:3
  Rendered post/index.html.erb within layouts/application (Duration: 46.4ms | Allocations: 2733)
Completed 500 Internal Server Error in 177ms (ActiveRecord: 1.8ms | Allocations: 5285)


  
ActionView::Template::Error (SQLite3::SQLException: no such table: posts):
    1: <h1 class="m-5 text-center w-100 text-light">All posts</h1>
    2: <div class="col-md-6">
    3:     <% @post.each do |post| %>
    4:         <div class="card bg-light border-rounded border-info my-4">
    5:             <div class="card-title m-2 text-center">
    6:                 <p class="card-title font-weight-bold"><%= post.title %></p>
  
app/views/post/index.html.erb:3
  [1m[35m (1.4ms)[0m  [1m[34mSELECT sqlite_version(*)[0m
  [1m[35m (0.8ms)[0m  [1m[34mSELECT "schema_migrations"."version" FROM "schema_migrations" ORDER BY "schema_migrations"."version" ASC[0m
  [1m[36mActiveRecord::InternalMetadata Load (1.2ms)[0m  [1m[34mSELECT "ar_internal_metadata".* FROM "ar_internal_metadata" WHERE "ar_internal_metadata"."key" = ? LIMIT ?[0m  [["key", "environment"], ["LIMIT", 1]]
  [1m[35m (0.2ms)[0m  [1m[34mSELECT sqlite_version(*)[0m
  [1m[35m (0.2ms)[0m  [1m[34mSELECT "schema_migrations"."version" FROM "schema_migrations" ORDER BY "schema_migrations"."version" ASC[0m
  [1m[35m (1.6ms)[0m  [1m[34mSELECT sqlite_version(*)[0m
  [1m[35m (0.9ms)[0m  [1m[34mSELECT "schema_migrations"."version" FROM "schema_migrations" ORDER BY "schema_migrations"."version" ASC[0m
  [1m[35m (0.9ms)[0m  [1m[34mSELECT "ar_internal_metadata"."value" FROM "ar_internal_metadata" WHERE "ar_internal_metadata"."key" = ?[0m  [["key", "environment"]]
  [1m[35m (0.3ms)[0m  [1m[34mSELECT "schema_migrations"."version" FROM "schema_migrations" ORDER BY "schema_migrations"."version" ASC[0m
  [1m[35m (0.1ms)[0m  [1m[34mSELECT "ar_internal_metadata"."value" FROM "ar_internal_metadata" WHERE "ar_internal_metadata"."key" = ?[0m  [["key", "environment"]]
  [1m[35m (0.1ms)[0m  [1m[34mSELECT "schema_migrations"."version" FROM "schema_migrations" ORDER BY "schema_migrations"."version" ASC[0m
  [1m[35m (0.1ms)[0m  [1m[34mSELECT "ar_internal_metadata"."value" FROM "ar_internal_metadata" WHERE "ar_internal_metadata"."key" = ?[0m  [["key", "environment"]]
  [1m[35m (0.2ms)[0m  [1m[34mSELECT sqlite_version(*)[0m
  [1m[35m (0.1ms)[0m  [1m[34mSELECT sqlite_version(*)[0m
  [1m[35m (0.1ms)[0m  [1m[34mSELECT sqlite_version(*)[0m
  [1m[35m (38.7ms)[0m  [1m[35mCREATE TABLE "schema_migrations" ("version" varchar NOT NULL PRIMARY KEY)[0m
  [1m[35m (20.6ms)[0m  [1m[35mCREATE TABLE "ar_internal_metadata" ("key" varchar NOT NULL PRIMARY KEY, "value" varchar, "created_at" datetime(6) NOT NULL, "updated_at" datetime(6) NOT NULL)[0m
  [1m[35m (0.3ms)[0m  [1m[34mSELECT "schema_migrations"."version" FROM "schema_migrations" ORDER BY "schema_migrations"."version" ASC[0m
Migrating to DeviseCreateUsers (20210212172153)
  [1m[35m (0.1ms)[0m  [1m[36mbegin transaction[0m
  [1m[35m (0.8ms)[0m  [1m[35mCREATE TABLE "users" ("id" integer PRIMARY KEY AUTOINCREMENT NOT NULL, "email" varchar DEFAULT '' NOT NULL, "encrypted_password" varchar DEFAULT '' NOT NULL, "reset_password_token" varchar, "reset_password_sent_at" datetime, "remember_created_at" datetime, "created_at" datetime(6) NOT NULL, "updated_at" datetime(6) NOT NULL)[0m
  [1m[35m (3.4ms)[0m  [1m[35mCREATE UNIQUE INDEX "index_users_on_email" ON "users" ("email")[0m
  [1m[35m (0.3ms)[0m  [1m[35mCREATE UNIQUE INDEX "index_users_on_reset_password_token" ON "users" ("reset_password_token")[0m
  [1m[36mprimary::SchemaMigration Create (0.3ms)[0m  [1m[32mINSERT INTO "schema_migrations" ("version") VALUES (?)[0m  [["version", "20210212172153"]]
  [1m[35m (14.0ms)[0m  [1m[36mcommit transaction[0m
  [1m[36mActiveRecord::InternalMetadata Load (0.3ms)[0m  [1m[34mSELECT "ar_internal_metadata".* FROM "ar_internal_metadata" WHERE "ar_internal_metadata"."key" = ? LIMIT ?[0m  [["key", "environment"], ["LIMIT", 1]]
  [1m[35m (0.1ms)[0m  [1m[36mbegin transaction[0m
  [1m[36mActiveRecord::InternalMetadata Create (3.8ms)[0m  [1m[32mINSERT INTO "ar_internal_metadata" ("key", "value", "created_at", "updated_at") VALUES (?, ?, ?, ?)[0m  [["key", "environment"], ["value", "development"], ["created_at", "2021-02-15 12:01:19.880541"], ["updated_at", "2021-02-15 12:01:19.880541"]]
  [1m[35m (19.1ms)[0m  [1m[36mcommit transaction[0m
  [1m[35m (0.1ms)[0m  [1m[34mSELECT sqlite_version(*)[0m
  [1m[35m (0.2ms)[0m  [1m[34mSELECT "schema_migrations"."version" FROM "schema_migrations" ORDER BY "schema_migrations"."version" ASC[0m
Started GET "/" for 127.0.0.1 at 2021-02-15 13:02:08 +0100
  [1m[35m (1.0ms)[0m  [1m[34mSELECT sqlite_version(*)[0m
  [1m[35m (5.3ms)[0m  [1m[34mSELECT "schema_migrations"."version" FROM "schema_migrations" ORDER BY "schema_migrations"."version" ASC[0m
Processing by PostController#index as HTML
  Rendering post/index.html.erb within layouts/application
  [1m[36mPost Load (4.1ms)[0m  [1m[34mSELECT "posts".* FROM "posts" ORDER BY created_at DESC[0m
  ↳ app/views/post/index.html.erb:3
  Rendered post/index.html.erb within layouts/application (Duration: 30.8ms | Allocations: 2733)
Completed 500 Internal Server Error in 124ms (ActiveRecord: 4.1ms | Allocations: 5285)


  
ActionView::Template::Error (SQLite3::SQLException: no such table: posts):
    1: <h1 class="m-5 text-center w-100 text-light">All posts</h1>
    2: <div class="col-md-6">
    3:     <% @post.each do |post| %>
    4:         <div class="card bg-light border-rounded border-info my-4">
    5:             <div class="card-title m-2 text-center">
    6:                 <p class="card-title font-weight-bold"><%= post.title %></p>
  
app/views/post/index.html.erb:3
